2024-06-04 18:15:36 - root - INFO - -------------------------------
2024-06-04 18:15:36 - root - INFO - Connection accepted by: ('127.0.0.1', 53652)
2024-06-04 18:15:36 - root - INFO - Request data received by Client
2024-06-04 18:15:40 - root - INFO - Public encryption keys exchanged
2024-06-04 18:15:40 - root - INFO - Data encrypted
2024-06-04 18:15:40 - root - INFO - Sending data encrypt to DataServer
2024-06-04 18:15:42 - root - INFO - Encrypted response data received by DataServer
2024-06-04 18:15:42 - root - INFO - Response data decrypted
2024-06-04 18:15:42 - root - INFO - Resolving problem fizzbuzz
2024-06-04 18:15:42 - root - INFO - Problem solved successfully
2024-06-04 18:15:42 - root - INFO - Results sent to Client
2024-06-04 18:15:49 - root - INFO - -------------------------------
2024-06-04 18:15:49 - root - INFO - Connection accepted by: ('127.0.0.1', 53658)
2024-06-04 18:15:49 - root - INFO - Request data received by Client
2024-06-04 18:15:51 - root - INFO - Public encryption keys exchanged
2024-06-04 18:15:51 - root - INFO - Data encrypted
2024-06-04 18:15:51 - root - INFO - Sending data encrypt to DataServer
2024-06-04 18:15:53 - root - INFO - Encrypted response data received by DataServer
2024-06-04 18:15:53 - root - INFO - Response data decrypted
2024-06-04 18:15:53 - root - INFO - Resolving problem fibonacci
2024-06-04 18:15:53 - root - INFO - Problem solved successfully
2024-06-04 18:15:53 - root - INFO - Results sent to Client
2024-06-04 18:16:03 - root - INFO - -------------------------------
2024-06-04 18:16:03 - root - INFO - Connection accepted by: ('127.0.0.1', 53664)
2024-06-04 18:16:03 - root - INFO - Request data received by Client
2024-06-04 18:16:07 - root - INFO - Public encryption keys exchanged
2024-06-04 18:16:07 - root - INFO - Data encrypted
2024-06-04 18:16:07 - root - INFO - Sending data encrypt to DataServer
2024-06-04 18:16:09 - root - INFO - Encrypted response data received by DataServer
2024-06-04 18:16:09 - root - INFO - Response data decrypted
2024-06-04 18:16:09 - root - INFO - Resolving problem prime
2024-06-04 18:16:09 - root - INFO - Problem solved successfully
2024-06-04 18:16:09 - root - INFO - Results sent to Client
2024-06-04 18:16:20 - root - INFO - -------------------------------
2024-06-04 18:16:20 - root - INFO - Connection accepted by: ('127.0.0.1', 53670)
2024-06-04 18:16:20 - root - INFO - Request data received by Client
2024-06-04 18:16:20 - root - INFO - Shutdown request received
2024-06-04 18:16:20 - root - INFO - Shutdown request denied(Incorrect password)
2024-06-04 18:16:20 - root - INFO - Reconnected to ('127.0.0.1', 53670)
2024-06-04 18:16:29 - root - INFO - -------------------------------
2024-06-04 18:16:29 - root - INFO - Connection accepted by: ('127.0.0.1', 53672)
2024-06-04 18:16:29 - root - INFO - Request data received by Client
2024-06-04 18:16:29 - root - INFO - Shutdown request received
2024-06-04 18:16:29 - root - INFO - Shutdown request accepted
2024-06-04 18:16:29 - root - INFO - Closing client socket
2024-06-04 18:16:29 - root - INFO - Closing Flask server
2024-06-04 18:16:31 - root - INFO - Flask connection closed
2024-06-04 18:16:31 - root - INFO - Socket connection closed
2024-06-04 18:16:31 - root - INFO - ProblemSolver closed
2024-06-05 21:27:48 - root - INFO - -------------------------------
2024-06-05 21:27:48 - root - INFO - Connection accepted by: ('127.0.0.1', 65147)
2024-06-05 21:27:48 - root - INFO - Request data received by Client
2024-06-05 21:27:52 - root - INFO - Public encryption keys exchanged
2024-06-05 21:27:52 - root - INFO - Data encrypted
2024-06-05 21:27:52 - root - INFO - Sending data encrypt to DataServer
2024-06-05 21:27:54 - root - INFO - Encrypted response data received by DataServer
2024-06-05 21:27:54 - root - INFO - Response data decrypted
2024-06-05 21:27:54 - root - INFO - Resolving problem fizzbuzz
2024-06-05 21:27:54 - root - INFO - Problem solved successfully
2024-06-05 21:27:54 - root - INFO - Results sent to Client
2024-06-05 21:28:01 - root - INFO - -------------------------------
2024-06-05 21:28:01 - root - INFO - Connection accepted by: ('127.0.0.1', 65154)
2024-06-05 21:28:01 - root - INFO - Request data received by Client
2024-06-05 21:28:04 - root - INFO - Public encryption keys exchanged
2024-06-05 21:28:04 - root - INFO - Data encrypted
2024-06-05 21:28:04 - root - INFO - Sending data encrypt to DataServer
2024-06-05 21:28:06 - root - INFO - Encrypted response data received by DataServer
2024-06-05 21:28:06 - root - INFO - Response data decrypted
2024-06-05 21:28:06 - root - INFO - Resolving problem fizzbuzz
2024-06-05 21:28:06 - root - INFO - Problem solved successfully
2024-06-05 21:28:06 - root - INFO - Results sent to Client
2024-06-05 21:28:14 - root - INFO - -------------------------------
2024-06-05 21:28:14 - root - INFO - Connection accepted by: ('127.0.0.1', 65162)
2024-06-05 21:28:14 - root - INFO - Request data received by Client
2024-06-05 21:28:18 - root - INFO - Public encryption keys exchanged
2024-06-05 21:28:18 - root - INFO - Data encrypted
2024-06-05 21:28:18 - root - INFO - Sending data encrypt to DataServer
2024-06-05 21:28:20 - root - INFO - Encrypted response data received by DataServer
2024-06-05 21:28:20 - root - INFO - Response data decrypted
2024-06-05 21:28:20 - root - INFO - Resolving problem fizzbuzz
2024-06-05 21:28:20 - root - INFO - Problem solved successfully
2024-06-05 21:28:20 - root - INFO - Results sent to Client
2024-06-05 21:28:23 - root - INFO - -------------------------------
2024-06-05 21:28:23 - root - INFO - Connection accepted by: ('127.0.0.1', 65168)
2024-06-05 21:28:23 - root - INFO - Request data received by Client
2024-06-05 21:28:25 - root - INFO - Public encryption keys exchanged
2024-06-05 21:28:25 - root - INFO - Data encrypted
2024-06-05 21:28:25 - root - INFO - Sending data encrypt to DataServer
2024-06-05 21:28:28 - root - INFO - Encrypted response data received by DataServer
2024-06-05 21:28:28 - root - INFO - Response data decrypted
2024-06-05 21:28:28 - root - INFO - Resolving problem fizzbuzz
2024-06-05 21:28:28 - root - INFO - Problem solved successfully
2024-06-05 21:28:28 - root - INFO - Results sent to Client
2024-06-05 21:28:29 - root - INFO - -------------------------------
2024-06-05 21:28:29 - root - INFO - Connection accepted by: ('127.0.0.1', 65174)
2024-06-05 21:28:29 - root - INFO - Request data received by Client
2024-06-05 21:28:32 - root - INFO - Public encryption keys exchanged
2024-06-05 21:28:32 - root - INFO - Data encrypted
2024-06-05 21:28:32 - root - INFO - Sending data encrypt to DataServer
2024-06-05 21:28:34 - root - INFO - Encrypted response data received by DataServer
2024-06-05 21:28:34 - root - INFO - Response data decrypted
2024-06-05 21:28:34 - root - INFO - Resolving problem fizzbuzz
2024-06-05 21:28:34 - root - INFO - Problem solved successfully
2024-06-05 21:28:34 - root - INFO - Results sent to Client
2024-06-05 22:05:39 - root - INFO - -------------------------------
2024-06-05 22:05:39 - root - INFO - Connection accepted by: ('127.0.0.1', 49203)
2024-06-05 22:05:39 - root - INFO - Request data received by Client
2024-06-05 22:05:42 - root - INFO - Public encryption keys exchanged
2024-06-05 22:05:42 - root - INFO - Data encrypted
2024-06-05 22:05:42 - root - INFO - Sending data encrypt to DataServer
2024-06-05 22:05:44 - root - INFO - Encrypted response data received by DataServer
2024-06-05 22:05:44 - root - INFO - Response data decrypted
2024-06-05 22:05:44 - root - INFO - Resolving problem fizzbuzz
2024-06-05 22:05:44 - root - INFO - Problem solved successfully
2024-06-05 22:05:44 - root - INFO - Results sent to Client
2024-06-05 22:09:31 - root - INFO - -------------------------------
2024-06-05 22:09:31 - root - INFO - Connection accepted by: ('127.0.0.1', 49234)
2024-06-05 22:09:31 - root - INFO - Request data received by Client
2024-06-05 22:09:35 - root - INFO - Public encryption keys exchanged
2024-06-05 22:09:35 - root - INFO - Data encrypted
2024-06-05 22:09:35 - root - INFO - Sending data encrypt to DataServer
2024-06-05 22:09:37 - root - INFO - Encrypted response data received by DataServer
2024-06-05 22:09:37 - root - INFO - Response data decrypted
2024-06-05 22:09:37 - root - INFO - Resolving problem fizzbuzz
2024-06-05 22:09:37 - root - INFO - Problem solved successfully
2024-06-05 22:09:37 - root - INFO - Results sent to Client2024-06-05 22:12:53 - root - INFO - -------------------------------
2024-06-05 22:12:53 - root - INFO - Connection accepted by: ('127.0.0.1', 49294)
2024-06-05 22:12:53 - root - INFO - Request data received by Client
2024-06-05 22:12:56 - root - INFO - Public encryption keys exchanged
2024-06-05 22:12:56 - root - INFO - Data encrypted
2024-06-05 22:12:56 - root - INFO - Sending data encrypt to DataServer
2024-06-05 22:12:58 - root - INFO - Encrypted response data received by DataServer
2024-06-05 22:12:58 - root - INFO - Response data decrypted
2024-06-05 22:12:58 - root - INFO - Resolving problem fizzbuzz
2024-06-05 22:12:58 - root - INFO - Problem solved successfully
2024-06-05 22:12:58 - root - INFO - Results sent to Client
2024-06-05 22:13:45 - root - INFO - -------------------------------
2024-06-05 22:13:45 - root - INFO - Connection accepted by: ('127.0.0.1', 49306)
2024-06-05 22:13:45 - root - INFO - Request data received by Client
2024-06-05 22:13:48 - root - INFO - Public encryption keys exchanged
2024-06-05 22:13:48 - root - INFO - Data encrypted
2024-06-05 22:13:48 - root - INFO - Sending data encrypt to DataServer
2024-06-05 22:13:50 - root - INFO - Encrypted response data received by DataServer
2024-06-05 22:13:50 - root - INFO - Response data decrypted
2024-06-05 22:13:50 - root - INFO - Resolving problem fizzbuzz
2024-06-05 22:13:50 - root - INFO - Problem solved successfully
2024-06-05 22:13:50 - root - INFO - Results sent to Client
2024-06-05 22:17:32 - root - INFO - -------------------------------
2024-06-05 22:17:32 - root - INFO - Connection accepted by: ('127.0.0.1', 49335)
2024-06-05 22:17:32 - root - INFO - Request data received by Client
2024-06-05 22:17:32 - root - INFO - Shutdown request received
2024-06-05 22:17:32 - root - INFO - Shutdown request accepted
2024-06-05 22:17:32 - root - INFO - Closing client socket
2024-06-05 22:17:32 - root - INFO - Closing Flask server
2024-06-05 22:17:34 - root - INFO - Flask connection closed
2024-06-05 22:17:34 - root - INFO - Socket connection closed
2024-06-05 22:17:34 - root - INFO - ProblemSolver closed
2024-06-05 22:26:12 - root - INFO - -------------------------------
2024-06-05 22:26:12 - root - INFO - Connection accepted by: ('127.0.0.1', 49399)
2024-06-05 22:26:12 - root - INFO - Request data received by Client
2024-06-05 22:26:12 - root - INFO - Shutdown request received
2024-06-05 22:26:12 - root - INFO - Shutdown request denied(Incorrect password)
2024-06-05 22:26:12 - root - INFO - Reconnected to ('127.0.0.1', 49399)
2024-06-05 22:34:49 - root - INFO - -------------------------------
2024-06-05 22:34:49 - root - INFO - Connection accepted by: ('127.0.0.1', 49469)
2024-06-05 22:34:49 - root - INFO - Request data received by Client
2024-06-05 22:34:49 - root - INFO - Shutdown request received
2024-06-05 22:34:49 - root - INFO - Shutdown request denied(Incorrect password)
2024-06-05 22:34:49 - root - INFO - Reconnected to ('127.0.0.1', 49469)
2024-06-05 22:35:45 - root - INFO - -------------------------------
2024-06-05 22:35:45 - root - INFO - Connection accepted by: ('127.0.0.1', 49477)
2024-06-05 22:35:45 - root - INFO - Request data received by Client
2024-06-05 22:35:45 - root - INFO - Shutdown request received
2024-06-05 22:35:45 - root - INFO - Shutdown request accepted
2024-06-05 22:35:45 - root - INFO - Closing client socket
2024-06-05 22:35:45 - root - INFO - Closing Flask server
2024-06-05 22:35:47 - root - INFO - Flask connection closed
2024-06-05 22:35:47 - root - INFO - Socket connection closed
2024-06-05 22:35:47 - root - INFO - ProblemSolver closed
2024-06-06 00:53:23 - root - INFO - -------------------------------
2024-06-06 00:53:23 - root - INFO - Connection accepted by: ('127.0.0.1', 50640)
2024-06-06 00:53:23 - root - INFO - Request data received by Client
2024-06-06 00:53:23 - root - INFO - Shutdown request received
2024-06-06 00:53:23 - root - INFO - Shutdown request accepted
2024-06-06 00:53:23 - root - INFO - Closing client socket
2024-06-06 00:53:23 - root - INFO - Closing Flask server
2024-06-06 00:53:25 - root - INFO - Flask connection closed
2024-06-06 00:53:25 - root - INFO - Socket connection closed
2024-06-06 00:53:25 - root - INFO - ProblemSolver closed
